[debug] [2025-08-18T17:17:53.772Z] ----------------------------------------------------------------------
[debug] [2025-08-18T17:17:53.775Z] Command:       /nix/store/ws50yvm6vzlzf7jzz6n7xh4szddrack1-nodejs-20.19.1/bin/node /nix/store/4ba3nh7p56fsnidgr9jcqnpv4k7nwwrv-firebase-tools-14.12.0/lib/node_modules/firebase-tools/lib/bin/firebase.js init hosting
[debug] [2025-08-18T17:17:53.776Z] CLI Version:   14.12.0
[debug] [2025-08-18T17:17:53.776Z] Platform:      linux
[debug] [2025-08-18T17:17:53.776Z] Node Version:  v20.19.1
[debug] [2025-08-18T17:17:53.776Z] Time:          Mon Aug 18 2025 17:17:53 GMT+0000 (Coordinated Universal Time)
[debug] [2025-08-18T17:17:53.776Z] ----------------------------------------------------------------------
[debug] 
[debug] [2025-08-18T17:17:53.782Z] Checked if tokens are valid: true, expires at: 1755540942660
[debug] [2025-08-18T17:17:53.783Z] Checked if tokens are valid: true, expires at: 1755540942660
[debug] [2025-08-18T17:17:53.787Z] >>> [apiv2][query] GET https://monospace-pa.googleapis.com/v1/workspaces/junaikey-omnikey-80561317 [none]
[debug] [2025-08-18T17:17:54.785Z] <<< [apiv2][status] GET https://monospace-pa.googleapis.com/v1/workspaces/junaikey-omnikey-80561317 200
[debug] [2025-08-18T17:17:54.786Z] <<< [apiv2][body] GET https://monospace-pa.googleapis.com/v1/workspaces/junaikey-omnikey-80561317 {"workspaceId":"junaikey-omnikey-80561317","name":"junaikey Omnikey","workspaceRedirectUrl":"firebase-junaikey-omnikey-1755536425773.cluster-zkm2jrwbnbd4awuedc2alqxrpk.cloudworkstations.dev","status":"WORKSPACE_STATUS_RUNNING","lastAccessDatetime":"2025-08-18T17:00:38.929340Z","workspaceTemplate":"WORKSPACE_TEMPLATE_BLANK_WEB","owner":"SELF","serviceAccountEmail":"msp-1101918362806043500@monospace-362420.iam.gserviceaccount.com","enableNix":true,"ownerEmail":"dingjunhong1028@gmail.com","workspaceImageUrl":"https://www.gstatic.com/monospace/231115/logo_nextjs.svg","templateArgs":"{\"language\":\"ts\",\"srcDir\":true,\"eslint\":true,\"app\":true,\"tailwind\":true,\"__agentic_workspace\":true}","templateRepoUrl":"file:///usr/local/monospace/templates/public/nextjs","workstationAccessToken":"eyJhbGciOiJSUzI1NiIsInR5cCI6IkpXVCJ9.eyJpc3MiOiJodHRwczovL2Nsb3VkLmdvb2dsZS5jb20vd29ya3N0YXRpb25zIiwiYXVkIjoiZmlyZWJhc2UtanVuYWlrZXktb21uaWtleS0xNzU1NTM2NDI1NzczLmNsdXN0ZXItemttMmpyd2JuYmQ0YXd1ZWRjMmFscXhycGsuY2xvdWR3b3Jrc3RhdGlvbnMuZGV2IiwiaWF0IjoxNzU1NTM3NDc0LCJleHAiOjE3NTU2MjM4NzR9.sCc_cyDI9XAyxMNQmMQIfbvViJOWjBYq0pJjejV1ioy9jf1np7cYVPV3vPauC071cmb7yIV-qK01qzvo55hGU1oPe22nudCJbJe4Xu7VABlgfMX_H4M8bYzYMbZoGhhd8lRhSv8uOGImrchLIYbH-ySuLwTsgmg6QwhqZ3h81u9LLd-aRfz_-ZA_MKsB2hqlo_BfgTVtVVwDc33AqGd-yH2M5Ub2Mqn5vSnmIrUy0dGU2E_Ivq1YKd-lWvdhtodXG9hxGNPmsdcwa5JAZB07DWPeT7QQiFuKX3C8L77bkjcxqKgaR6UiqW-PVAYE_6kK-unj-1_76hh8sHPQxZP14w"}
[debug] [2025-08-18T17:17:54.787Z] > command requires scopes: ["email","openid","https://www.googleapis.com/auth/cloudplatformprojects.readonly","https://www.googleapis.com/auth/firebase","https://www.googleapis.com/auth/cloud-platform","https://www.googleapis.com/auth/userinfo.email"]
[debug] [2025-08-18T17:17:54.787Z] > authorizing via signed-in user (dingjunhong1028@gmail.com)
[info] 
     ######## #### ########  ######## ########     ###     ######  ########
     ##        ##  ##     ## ##       ##     ##  ##   ##  ##       ##
     ######    ##  ########  ######   ########  #########  ######  ######
     ##        ##  ##    ##  ##       ##     ## ##     ##       ## ##
     ##       #### ##     ## ######## ########  ##     ##  ######  ########

You're about to initialize a Firebase project in this directory:

  /home/user/junaikey-omnikey

[info] 
=== Project Setup
[info] 
[info] First, let's associate this project directory with a Firebase project.
[info] You can create multiple project aliases by running firebase use --add, 
[info] but for now we'll just set up a default project.
[info] 
[debug] [2025-08-18T17:18:04.233Z] Checked if tokens are valid: true, expires at: 1755540942660
[debug] [2025-08-18T17:18:04.234Z] Checked if tokens are valid: true, expires at: 1755540942660
[debug] [2025-08-18T17:18:04.235Z] >>> [apiv2][query] GET https://firebase.googleapis.com/v1beta1/projects pageSize=100
[debug] [2025-08-18T17:18:04.724Z] <<< [apiv2][status] GET https://firebase.googleapis.com/v1beta1/projects 200
[debug] [2025-08-18T17:18:04.724Z] <<< [apiv2][body] GET https://firebase.googleapis.com/v1beta1/projects [omitted]
[info] i  Using project junaikey (JunAiKey) 
[info] 
=== Hosting Setup
[debug] [2025-08-18T17:18:06.131Z] Checked if tokens are valid: true, expires at: 1755540942660
[debug] [2025-08-18T17:18:06.131Z] Checked if tokens are valid: true, expires at: 1755540942660
[debug] [2025-08-18T17:18:06.131Z] >>> [apiv2][query] GET https://firebase.googleapis.com/v1beta1/projects/junaikey [none]
[debug] [2025-08-18T17:18:06.376Z] <<< [apiv2][status] GET https://firebase.googleapis.com/v1beta1/projects/junaikey 200
[debug] [2025-08-18T17:18:06.379Z] <<< [apiv2][body] GET https://firebase.googleapis.com/v1beta1/projects/junaikey {"projectId":"junaikey","projectNumber":"903770512219","displayName":"JunAiKey","name":"projects/junaikey","resources":{"hostingSite":"junaikey"},"state":"ACTIVE","etag":"1_3d9fb720-aef2-43f4-aedc-8f4944039eb9"}
[debug] [2025-08-18T17:18:24.690Z] Error: Command failed: npx --yes create-next-app@"12 - 15.0" -e hello-world /home/user/junaikey-omnikey/ --use-npm --ts
    at genericNodeError (node:internal/errors:984:15)
    at wrappedFn (node:internal/errors:538:14)
    at checkExecSyncError (node:child_process:891:11)
    at execSync (node:child_process:963:15)
    at Object.init (/nix/store/4ba3nh7p56fsnidgr9jcqnpv4k7nwwrv-firebase-tools-14.12.0/lib/node_modules/firebase-tools/lib/frameworks/next/index.js:216:34)
    at async Object.doSetup (/nix/store/4ba3nh7p56fsnidgr9jcqnpv4k7nwwrv-firebase-tools-14.12.0/lib/node_modules/firebase-tools/lib/init/features/hosting/index.js:109:13)
    at async init (/nix/store/4ba3nh7p56fsnidgr9jcqnpv4k7nwwrv-firebase-tools-14.12.0/lib/node_modules/firebase-tools/lib/init/index.js:65:13)
    at async Command.initAction [as actionFn] (/nix/store/4ba3nh7p56fsnidgr9jcqnpv4k7nwwrv-firebase-tools-14.12.0/lib/node_modules/firebase-tools/lib/commands/init.js:209:5)
[error] 
[error] Error: An unexpected error has occurred.
